-------------------------------------------------------------------------------
Test set: com.tuituicoin.blockchain.blockchain tests.BlockTest
-------------------------------------------------------------------------------
Tests run: 2, Failures: 0, Errors: 2, Skipped: 0, Time elapsed: 0.024 s <<< FAILURE! - in com.tuituicoin.blockchain.blockchain tests.BlockTest
testMineProducesProofOfWork(com.tuituicoin.blockchain.blockchain tests.BlockTest)  Time elapsed: 0.004 s  <<< ERROR!
java.lang.Error: 
Unresolved compilation problems: 
	The declared package "com.tuituicoin.blockchain" does not match the expected package "com.tuituicoin.blockchain.blockchain tests"
	Transaction cannot be resolved to a type
	Transaction cannot be resolved to a type
	Block cannot be resolved to a type
	Block cannot be resolved to a type
	Transaction cannot be resolved to a type
	Transaction cannot be resolved to a type
	Block cannot be resolved to a type
	Block cannot be resolved to a type

	at com.tuituicoin.blockchain.blockchain tests.BlockTest.<init>(BlockTest.java:1)

testHashChangesWhenNonceChanges(com.tuituicoin.blockchain.blockchain tests.BlockTest)  Time elapsed: 0 s  <<< ERROR!
java.lang.Error: 
Unresolved compilation problems: 
	The declared package "com.tuituicoin.blockchain" does not match the expected package "com.tuituicoin.blockchain.blockchain tests"
	Transaction cannot be resolved to a type
	Transaction cannot be resolved to a type
	Block cannot be resolved to a type
	Block cannot be resolved to a type
	Transaction cannot be resolved to a type
	Transaction cannot be resolved to a type
	Block cannot be resolved to a type
	Block cannot be resolved to a type

	at com.tuituicoin.blockchain.blockchain tests.BlockTest.<init>(BlockTest.java:1)

