-------------------------------------------------------------------------------
Test set: com.tuituicoin.blockchain.blockchain tests.TransactionTest
-------------------------------------------------------------------------------
Tests run: 2, Failures: 0, Errors: 2, Skipped: 0, Time elapsed: 0 s <<< FAILURE! - in com.tuituicoin.blockchain.blockchain tests.TransactionTest
testVerifyFailsAfterTampering(com.tuituicoin.blockchain.blockchain tests.TransactionTest)  Time elapsed: 0 s  <<< ERROR!
java.lang.Error: 
Unresolved compilation problems: 
	The declared package "com.tuituicoin.blockchain" does not match the expected package "com.tuituicoin.blockchain.blockchain tests"
	Transaction cannot be resolved to a type
	Transaction cannot be resolved to a type
	Transaction cannot be resolved to a type
	Transaction cannot be resolved to a type
	Transaction cannot be resolved to a type

	at com.tuituicoin.blockchain.blockchain tests.TransactionTest.<init>(TransactionTest.java:1)

testSignAndVerify(com.tuituicoin.blockchain.blockchain tests.TransactionTest)  Time elapsed: 0 s  <<< ERROR!
java.lang.Error: 
Unresolved compilation problems: 
	The declared package "com.tuituicoin.blockchain" does not match the expected package "com.tuituicoin.blockchain.blockchain tests"
	Transaction cannot be resolved to a type
	Transaction cannot be resolved to a type
	Transaction cannot be resolved to a type
	Transaction cannot be resolved to a type
	Transaction cannot be resolved to a type

	at com.tuituicoin.blockchain.blockchain tests.TransactionTest.<init>(TransactionTest.java:1)

