-------------------------------------------------------------------------------
Test set: com.tuituicoin.blockchain.blockchain tests.ChainTest
-------------------------------------------------------------------------------
Tests run: 2, Failures: 0, Errors: 2, Skipped: 0, Time elapsed: 0.001 s <<< FAILURE! - in com.tuituicoin.blockchain.blockchain tests.ChainTest
testAddBlockCreatesGenesisBlockAndChainRemainsValid(com.tuituicoin.blockchain.blockchain tests.ChainTest)  Time elapsed: 0.001 s  <<< ERROR!
java.lang.Error: 
Unresolved compilation problems: 
	The declared package "com.tuituicoin.blockchain" does not match the expected package "com.tuituicoin.blockchain.blockchain tests"
	Chain cannot be resolved to a type
	Chain cannot be resolved
	Transaction cannot be resolved to a type
	Transaction cannot be resolved to a type
	Chain cannot be resolved to a type
	Chain cannot be resolved
	Block cannot be resolved to a type
	Chain cannot be resolved to a type

	at com.tuituicoin.blockchain.blockchain tests.ChainTest.<init>(ChainTest.java:1)

testEmptyChainIsValid(com.tuituicoin.blockchain.blockchain tests.ChainTest)  Time elapsed: 0 s  <<< ERROR!
java.lang.Error: 
Unresolved compilation problems: 
	The declared package "com.tuituicoin.blockchain" does not match the expected package "com.tuituicoin.blockchain.blockchain tests"
	Chain cannot be resolved to a type
	Chain cannot be resolved
	Transaction cannot be resolved to a type
	Transaction cannot be resolved to a type
	Chain cannot be resolved to a type
	Chain cannot be resolved
	Block cannot be resolved to a type
	Chain cannot be resolved to a type

	at com.tuituicoin.blockchain.blockchain tests.ChainTest.<init>(ChainTest.java:1)

