<?xml version="1.0" encoding="UTF-8"?>
<testsuite xmlns:xsi="http://www.w3.org/2001/XMLSchema-instance" xsi:noNamespaceSchemaLocation="https://maven.apache.org/surefire/maven-surefire-plugin/xsd/surefire-test-report.xsd" name="com.tuituicoin.blockchain.blockchain tests.BlockTest" time="0.024" tests="2" errors="2" skipped="0" failures="0">
  <properties>
[...]
</properties>
  <testcase name="testMineProducesProofOfWork" classname="com.tuituicoin.blockchain.blockchain tests.BlockTest" time="0.004">
    <error message="Unresolved compilation problems: &#10;	The declared package &quot;com.tuituicoin.blockchain&quot; does not match the expected package &quot;com.tuituicoin.blockchain.blockchain tests&quot;&#10;	Transaction cannot be resolved to a type&#10;	Transaction cannot be resolved to a type&#10;	Block cannot be resolved to a type&#10;	Block cannot be resolved to a type&#10;	Transaction cannot be resolved to a type&#10;	Transaction cannot be resolved to a type&#10;	Block cannot be resolved to a type&#10;	Block cannot be resolved to a type&#10;" type="java.lang.Error"><![CDATA[java.lang.Error: 
Unresolved compilation problems: 
	The declared package "com.tuituicoin.blockchain" does not match the expected package "com.tuituicoin.blockchain.blockchain tests"
	Transaction cannot be resolved to a type
	Transaction cannot be resolved to a type
	Block cannot be resolved to a type
	Block cannot be resolved to a type
	Transaction cannot be resolved to a type
	Transaction cannot be resolved to a type
	Block cannot be resolved to a type
	Block cannot be resolved to a type

	at com.tuituicoin.blockchain.blockchain tests.BlockTest.<init>(BlockTest.java:1)
]]></error>
  </testcase>
  <testcase name="testHashChangesWhenNonceChanges" classname="com.tuituicoin.blockchain.blockchain tests.BlockTest" time="0">
    <error message="Unresolved compilation problems: &#10;	The declared package &quot;com.tuituicoin.blockchain&quot; does not match the expected package &quot;com.tuituicoin.blockchain.blockchain tests&quot;&#10;	Transaction cannot be resolved to a type&#10;	Transaction cannot be resolved to a type&#10;	Block cannot be resolved to a type&#10;	Block cannot be resolved to a type&#10;	Transaction cannot be resolved to a type&#10;	Transaction cannot be resolved to a type&#10;	Block cannot be resolved to a type&#10;	Block cannot be resolved to a type&#10;" type="java.lang.Error"><![CDATA[java.lang.Error: 
Unresolved compilation problems: 
	The declared package "com.tuituicoin.blockchain" does not match the expected package "com.tuituicoin.blockchain.blockchain tests"
	Transaction cannot be resolved to a type
	Transaction cannot be resolved to a type
	Block cannot be resolved to a type
	Block cannot be resolved to a type
	Transaction cannot be resolved to a type
	Transaction cannot be resolved to a type
	Block cannot be resolved to a type
	Block cannot be resolved to a type

	at com.tuituicoin.blockchain.blockchain tests.BlockTest.<init>(BlockTest.java:1)
]]></error>
  </testcase>
</testsuite>